<?xml version="1.0" encoding="UTF-8"?>
<testsuite name="com.thoughtworks.rectangle.RectangleTest" tests="1" skipped="0" failures="0" errors="0" timestamp="2024-05-30T06:49:10" hostname="gurushifu-gurushifugitp-mjeds9d3051" time="0.019">
  <properties/>
  <testcase name="testRectangleArea()" classname="com.thoughtworks.rectangle.RectangleTest" time="0.019"/>
  <system-out><![CDATA[]]></system-out>
  <system-err><![CDATA[]]></system-err>
</testsuite>
